mode: atomic
github.com/modelcontextprotocol/registry/internal/api/server.go:25.111,42.2 3 0
github.com/modelcontextprotocol/registry/internal/api/server.go:45.32,48.2 2 0
github.com/modelcontextprotocol/registry/internal/api/server.go:51.54,53.2 1 0
github.com/modelcontextprotocol/registry/internal/api/router/router.go:13.105,20.2 3 0
github.com/modelcontextprotocol/registry/internal/api/router/v0.go:16.3,28.2 8 0
github.com/modelcontextprotocol/registry/internal/config/config.go:29.26,34.16 3 0
github.com/modelcontextprotocol/registry/internal/config/config.go:34.16,35.13 1 0
github.com/modelcontextprotocol/registry/internal/config/config.go:37.2,37.13 1 0
github.com/modelcontextprotocol/registry/internal/auth/github.go:64.70,68.2 1 0
github.com/modelcontextprotocol/registry/internal/auth/github.go:74.112,76.24 1 0
github.com/modelcontextprotocol/registry/internal/auth/github.go:76.24,78.3 1 0
github.com/modelcontextprotocol/registry/internal/auth/github.go:81.2,87.16 2 0
github.com/modelcontextprotocol/registry/internal/auth/github.go:87.16,89.3 1 0
github.com/modelcontextprotocol/registry/internal/auth/github.go:92.2,101.16 5 0
github.com/modelcontextprotocol/registry/internal/auth/github.go:101.16,103.3 1 0
github.com/modelcontextprotocol/registry/internal/auth/github.go:106.2,108.16 3 0
github.com/modelcontextprotocol/registry/internal/auth/github.go:108.16,110.3 1 0
github.com/modelcontextprotocol/registry/internal/auth/github.go:112.2,118.16 6 0
github.com/modelcontextprotocol/registry/internal/auth/github.go:118.16,120.3 1 0
github.com/modelcontextprotocol/registry/internal/auth/github.go:121.2,125.43 2 0
github.com/modelcontextprotocol/registry/internal/auth/github.go:125.43,127.3 1 0
github.com/modelcontextprotocol/registry/internal/auth/github.go:129.2,131.16 3 0
github.com/modelcontextprotocol/registry/internal/auth/github.go:131.16,133.3 1 0
github.com/modelcontextprotocol/registry/internal/auth/github.go:135.2,135.66 1 0
github.com/modelcontextprotocol/registry/internal/auth/github.go:135.66,137.3 1 0
github.com/modelcontextprotocol/registry/internal/auth/github.go:140.2,140.27 1 0
github.com/modelcontextprotocol/registry/internal/auth/github.go:140.27,142.3 1 0
github.com/modelcontextprotocol/registry/internal/auth/github.go:145.2,146.16 2 0
github.com/modelcontextprotocol/registry/internal/auth/github.go:146.16,148.3 1 0
github.com/modelcontextprotocol/registry/internal/auth/github.go:150.2,154.16 5 0
github.com/modelcontextprotocol/registry/internal/auth/github.go:154.16,156.3 1 0
github.com/modelcontextprotocol/registry/internal/auth/github.go:157.2,159.42 2 0
github.com/modelcontextprotocol/registry/internal/auth/github.go:159.42,161.3 1 0
github.com/modelcontextprotocol/registry/internal/auth/github.go:163.2,168.16 3 0
github.com/modelcontextprotocol/registry/internal/auth/github.go:168.16,170.3 1 0
github.com/modelcontextprotocol/registry/internal/auth/github.go:172.2,172.60 1 0
github.com/modelcontextprotocol/registry/internal/auth/github.go:172.60,174.3 1 0
github.com/modelcontextprotocol/registry/internal/auth/github.go:177.2,178.16 2 0
github.com/modelcontextprotocol/registry/internal/auth/github.go:178.16,180.3 1 0
github.com/modelcontextprotocol/registry/internal/auth/github.go:183.2,183.29 1 0
github.com/modelcontextprotocol/registry/internal/auth/github.go:183.29,186.17 2 0
github.com/modelcontextprotocol/registry/internal/auth/github.go:186.17,188.4 1 0
github.com/modelcontextprotocol/registry/internal/auth/github.go:190.3,190.16 1 0
github.com/modelcontextprotocol/registry/internal/auth/github.go:190.16,194.4 1 0
github.com/modelcontextprotocol/registry/internal/auth/github.go:199.2,199.18 1 0
github.com/modelcontextprotocol/registry/internal/auth/github.go:202.96,206.23 3 0
github.com/modelcontextprotocol/registry/internal/auth/github.go:206.23,208.3 1 0
github.com/modelcontextprotocol/registry/internal/auth/github.go:209.2,209.36 1 0
github.com/modelcontextprotocol/registry/internal/auth/github.go:213.94,216.23 3 0
github.com/modelcontextprotocol/registry/internal/auth/github.go:216.23,218.3 1 0
github.com/modelcontextprotocol/registry/internal/auth/github.go:219.2,219.36 1 0
github.com/modelcontextprotocol/registry/internal/auth/github.go:223.111,231.16 3 0
github.com/modelcontextprotocol/registry/internal/auth/github.go:231.16,233.3 1 0
github.com/modelcontextprotocol/registry/internal/auth/github.go:235.2,240.16 5 0
github.com/modelcontextprotocol/registry/internal/auth/github.go:240.16,242.3 1 0
github.com/modelcontextprotocol/registry/internal/auth/github.go:243.2,245.45 2 0
github.com/modelcontextprotocol/registry/internal/auth/github.go:245.45,247.3 1 0
github.com/modelcontextprotocol/registry/internal/auth/github.go:249.2,249.88 1 0
github.com/modelcontextprotocol/registry/internal/auth/service.go:20.49,30.2 2 0
github.com/modelcontextprotocol/registry/internal/auth/service.go:33.47,36.2 1 0
github.com/modelcontextprotocol/registry/internal/auth/service.go:38.84,41.2 1 0
github.com/modelcontextprotocol/registry/internal/auth/service.go:44.98,46.62 1 0
github.com/modelcontextprotocol/registry/internal/auth/service.go:46.62,48.3 1 0
github.com/modelcontextprotocol/registry/internal/auth/service.go:50.2,50.21 1 0
github.com/modelcontextprotocol/registry/internal/auth/service.go:51.30,53.67 1 0
github.com/modelcontextprotocol/registry/internal/auth/service.go:54.28,55.32 1 0
github.com/modelcontextprotocol/registry/internal/auth/service.go:56.10,57.41 1 0
github.com/modelcontextprotocol/registry/internal/service/fake_service.go:20.47,72.35 3 0
github.com/modelcontextprotocol/registry/internal/service/fake_service.go:72.35,74.3 1 0
github.com/modelcontextprotocol/registry/internal/service/fake_service.go:75.2,78.3 2 0
github.com/modelcontextprotocol/registry/internal/service/fake_service.go:82.94,89.16 4 0
github.com/modelcontextprotocol/registry/internal/service/fake_service.go:89.16,91.3 1 0
github.com/modelcontextprotocol/registry/internal/service/fake_service.go:93.2,94.32 2 0
github.com/modelcontextprotocol/registry/internal/service/fake_service.go:94.32,96.3 1 0
github.com/modelcontextprotocol/registry/internal/service/fake_service.go:98.2,98.32 1 0
github.com/modelcontextprotocol/registry/internal/service/fake_service.go:102.79,109.16 4 0
github.com/modelcontextprotocol/registry/internal/service/fake_service.go:109.16,111.3 1 0
github.com/modelcontextprotocol/registry/internal/service/fake_service.go:113.2,113.26 1 0
github.com/modelcontextprotocol/registry/internal/service/fake_service.go:117.79,124.2 3 0
github.com/modelcontextprotocol/registry/internal/service/fake_service.go:127.45,129.2 1 0
github.com/modelcontextprotocol/registry/internal/service/registry_service.go:19.69,23.2 1 0
github.com/modelcontextprotocol/registry/internal/service/registry_service.go:26.64,33.16 4 0
github.com/modelcontextprotocol/registry/internal/service/registry_service.go:33.16,35.3 1 0
github.com/modelcontextprotocol/registry/internal/service/registry_service.go:38.2,39.32 2 0
github.com/modelcontextprotocol/registry/internal/service/registry_service.go:39.32,41.3 1 0
github.com/modelcontextprotocol/registry/internal/service/registry_service.go:43.2,43.20 1 0
github.com/modelcontextprotocol/registry/internal/service/registry_service.go:47.94,53.16 3 0
github.com/modelcontextprotocol/registry/internal/service/registry_service.go:53.16,55.3 1 0
github.com/modelcontextprotocol/registry/internal/service/registry_service.go:58.2,59.16 2 0
github.com/modelcontextprotocol/registry/internal/service/registry_service.go:59.16,61.3 1 0
github.com/modelcontextprotocol/registry/internal/service/registry_service.go:64.2,65.32 2 0
github.com/modelcontextprotocol/registry/internal/service/registry_service.go:65.32,67.3 1 0
github.com/modelcontextprotocol/registry/internal/service/registry_service.go:69.2,69.32 1 0
github.com/modelcontextprotocol/registry/internal/service/registry_service.go:73.79,80.16 4 0
github.com/modelcontextprotocol/registry/internal/service/registry_service.go:80.16,82.3 1 0
github.com/modelcontextprotocol/registry/internal/service/registry_service.go:84.2,84.26 1 0
github.com/modelcontextprotocol/registry/internal/service/registry_service.go:88.79,93.25 3 0
github.com/modelcontextprotocol/registry/internal/service/registry_service.go:93.25,95.3 1 0
github.com/modelcontextprotocol/registry/internal/service/registry_service.go:97.2,98.16 2 0
github.com/modelcontextprotocol/registry/internal/service/registry_service.go:98.16,100.3 1 0
github.com/modelcontextprotocol/registry/internal/service/registry_service.go:102.2,102.12 1 0
github.com/modelcontextprotocol/registry/internal/database/import.go:19.62,23.16 2 0
github.com/modelcontextprotocol/registry/internal/database/import.go:23.16,26.50 2 0
github.com/modelcontextprotocol/registry/internal/database/import.go:26.50,28.4 1 0
github.com/modelcontextprotocol/registry/internal/database/import.go:31.2,35.79 3 0
github.com/modelcontextprotocol/registry/internal/database/import.go:35.79,38.17 2 0
github.com/modelcontextprotocol/registry/internal/database/import.go:38.17,40.4 1 0
github.com/modelcontextprotocol/registry/internal/database/import.go:41.8,44.17 2 0
github.com/modelcontextprotocol/registry/internal/database/import.go:44.17,46.4 1 0
github.com/modelcontextprotocol/registry/internal/database/import.go:50.2,51.62 2 0
github.com/modelcontextprotocol/registry/internal/database/import.go:51.62,54.71 2 0
github.com/modelcontextprotocol/registry/internal/database/import.go:54.71,56.4 1 0
github.com/modelcontextprotocol/registry/internal/database/import.go:59.2,60.21 2 0
github.com/modelcontextprotocol/registry/internal/database/import.go:64.47,70.16 3 0
github.com/modelcontextprotocol/registry/internal/database/import.go:70.16,72.3 1 0
github.com/modelcontextprotocol/registry/internal/database/import.go:73.2,75.38 2 0
github.com/modelcontextprotocol/registry/internal/database/import.go:75.38,77.3 1 0
github.com/modelcontextprotocol/registry/internal/database/import.go:80.2,81.16 2 0
github.com/modelcontextprotocol/registry/internal/database/import.go:81.16,83.3 1 0
github.com/modelcontextprotocol/registry/internal/database/import.go:85.2,85.18 1 0
github.com/modelcontextprotocol/registry/internal/database/memory.go:24.56,27.22 2 0
github.com/modelcontextprotocol/registry/internal/database/memory.go:27.22,31.3 1 0
github.com/modelcontextprotocol/registry/internal/database/memory.go:32.2,34.3 1 0
github.com/modelcontextprotocol/registry/internal/database/memory.go:43.61,52.26 4 0
github.com/modelcontextprotocol/registry/internal/database/memory.go:52.26,54.3 1 0
github.com/modelcontextprotocol/registry/internal/database/memory.go:56.2,56.27 1 0
github.com/modelcontextprotocol/registry/internal/database/memory.go:56.27,58.3 1 0
github.com/modelcontextprotocol/registry/internal/database/memory.go:59.2,59.27 1 0
github.com/modelcontextprotocol/registry/internal/database/memory.go:59.27,61.3 1 0
github.com/modelcontextprotocol/registry/internal/database/memory.go:64.2,64.30 1 0
github.com/modelcontextprotocol/registry/internal/database/memory.go:64.30,69.33 3 0
github.com/modelcontextprotocol/registry/internal/database/memory.go:69.33,70.29 1 0
github.com/modelcontextprotocol/registry/internal/database/memory.go:70.29,72.5 1 0
github.com/modelcontextprotocol/registry/internal/database/memory.go:72.10,72.36 1 0
github.com/modelcontextprotocol/registry/internal/database/memory.go:72.36,74.5 1 0
github.com/modelcontextprotocol/registry/internal/database/memory.go:75.4,75.12 1 0
github.com/modelcontextprotocol/registry/internal/database/memory.go:78.3,78.18 1 0
github.com/modelcontextprotocol/registry/internal/database/memory.go:78.18,80.4 1 0
github.com/modelcontextprotocol/registry/internal/database/memory.go:80.9,80.25 1 0
github.com/modelcontextprotocol/registry/internal/database/memory.go:80.25,82.4 1 0
github.com/modelcontextprotocol/registry/internal/database/memory.go:85.2,85.10 1 0
github.com/modelcontextprotocol/registry/internal/database/memory.go:96.36,97.22 1 0
github.com/modelcontextprotocol/registry/internal/database/memory.go:97.22,99.3 1 0
github.com/modelcontextprotocol/registry/internal/database/memory.go:101.2,101.16 1 0
github.com/modelcontextprotocol/registry/internal/database/memory.go:101.16,103.3 1 0
github.com/modelcontextprotocol/registry/internal/database/memory.go:105.2,110.35 4 0
github.com/modelcontextprotocol/registry/internal/database/memory.go:110.35,113.3 2 0
github.com/modelcontextprotocol/registry/internal/database/memory.go:116.2,117.35 2 0
github.com/modelcontextprotocol/registry/internal/database/memory.go:117.35,121.34 2 0
github.com/modelcontextprotocol/registry/internal/database/memory.go:121.34,122.15 1 0
github.com/modelcontextprotocol/registry/internal/database/memory.go:123.16,124.37 1 0
github.com/modelcontextprotocol/registry/internal/database/memory.go:124.37,126.6 1 0
github.com/modelcontextprotocol/registry/internal/database/memory.go:127.19,128.47 1 0
github.com/modelcontextprotocol/registry/internal/database/memory.go:128.47,130.6 1 0
github.com/modelcontextprotocol/registry/internal/database/memory.go:131.27,132.35 1 0
github.com/modelcontextprotocol/registry/internal/database/memory.go:132.35,134.6 1 0
github.com/modelcontextprotocol/registry/internal/database/memory.go:135.19,136.54 1 0
github.com/modelcontextprotocol/registry/internal/database/memory.go:136.54,138.6 1 0
github.com/modelcontextprotocol/registry/internal/database/memory.go:143.3,143.14 1 0
github.com/modelcontextprotocol/registry/internal/database/memory.go:143.14,145.4 1 0
github.com/modelcontextprotocol/registry/internal/database/memory.go:149.2,150.18 2 0
github.com/modelcontextprotocol/registry/internal/database/memory.go:150.18,151.41 1 0
github.com/modelcontextprotocol/registry/internal/database/memory.go:151.41,152.26 1 0
github.com/modelcontextprotocol/registry/internal/database/memory.go:152.26,154.10 2 0
github.com/modelcontextprotocol/registry/internal/database/memory.go:160.2,160.50 1 0
github.com/modelcontextprotocol/registry/internal/database/memory.go:160.50,162.3 1 0
github.com/modelcontextprotocol/registry/internal/database/memory.go:165.2,166.35 2 0
github.com/modelcontextprotocol/registry/internal/database/memory.go:166.35,168.3 1 0
github.com/modelcontextprotocol/registry/internal/database/memory.go:170.2,171.37 2 0
github.com/modelcontextprotocol/registry/internal/database/memory.go:171.37,173.3 1 0
github.com/modelcontextprotocol/registry/internal/database/memory.go:173.8,175.3 1 0
github.com/modelcontextprotocol/registry/internal/database/memory.go:178.2,179.35 2 0
github.com/modelcontextprotocol/registry/internal/database/memory.go:179.35,181.3 1 0
github.com/modelcontextprotocol/registry/internal/database/memory.go:183.2,183.32 1 0
github.com/modelcontextprotocol/registry/internal/database/memory.go:187.90,188.22 1 0
github.com/modelcontextprotocol/registry/internal/database/memory.go:188.22,190.3 1 0
github.com/modelcontextprotocol/registry/internal/database/memory.go:192.2,195.45 3 0
github.com/modelcontextprotocol/registry/internal/database/memory.go:195.45,199.3 2 0
github.com/modelcontextprotocol/registry/internal/database/memory.go:201.2,201.25 1 0
github.com/modelcontextprotocol/registry/internal/database/memory.go:205.90,206.22 1 0
github.com/modelcontextprotocol/registry/internal/database/memory.go:206.22,208.3 1 0
github.com/modelcontextprotocol/registry/internal/database/memory.go:210.2,214.29 3 0
github.com/modelcontextprotocol/registry/internal/database/memory.go:214.29,216.3 1 0
github.com/modelcontextprotocol/registry/internal/database/memory.go:220.2,221.35 2 0
github.com/modelcontextprotocol/registry/internal/database/memory.go:221.35,222.38 1 0
github.com/modelcontextprotocol/registry/internal/database/memory.go:222.38,223.73 1 0
github.com/modelcontextprotocol/registry/internal/database/memory.go:223.73,225.5 1 0
github.com/modelcontextprotocol/registry/internal/database/memory.go:228.4,228.102 1 0
github.com/modelcontextprotocol/registry/internal/database/memory.go:228.102,230.5 1 0
github.com/modelcontextprotocol/registry/internal/database/memory.go:235.2,235.107 1 0
github.com/modelcontextprotocol/registry/internal/database/memory.go:235.107,237.3 1 0
github.com/modelcontextprotocol/registry/internal/database/memory.go:239.2,239.39 1 0
github.com/modelcontextprotocol/registry/internal/database/memory.go:239.39,241.3 1 0
github.com/modelcontextprotocol/registry/internal/database/memory.go:244.2,251.12 6 0
github.com/modelcontextprotocol/registry/internal/database/memory.go:255.80,256.22 1 0
github.com/modelcontextprotocol/registry/internal/database/memory.go:256.22,258.3 1 0
github.com/modelcontextprotocol/registry/internal/database/memory.go:261.2,262.16 2 0
github.com/modelcontextprotocol/registry/internal/database/memory.go:262.16,264.3 1 0
github.com/modelcontextprotocol/registry/internal/database/memory.go:266.2,271.34 4 0
github.com/modelcontextprotocol/registry/internal/database/memory.go:271.34,272.43 1 0
github.com/modelcontextprotocol/registry/internal/database/memory.go:272.43,274.12 2 0
github.com/modelcontextprotocol/registry/internal/database/memory.go:278.3,278.41 1 0
github.com/modelcontextprotocol/registry/internal/database/memory.go:278.41,282.4 3 0
github.com/modelcontextprotocol/registry/internal/database/memory.go:285.3,288.77 3 0
github.com/modelcontextprotocol/registry/internal/database/memory.go:291.2,292.12 2 0
github.com/modelcontextprotocol/registry/internal/database/memory.go:297.35,299.2 1 0
github.com/modelcontextprotocol/registry/internal/database/memory.go:302.50,308.2 1 0
github.com/modelcontextprotocol/registry/internal/database/mongo.go:25.108,29.16 3 0
github.com/modelcontextprotocol/registry/internal/database/mongo.go:29.16,31.3 1 0
github.com/modelcontextprotocol/registry/internal/database/mongo.go:34.2,34.45 1 0
github.com/modelcontextprotocol/registry/internal/database/mongo.go:34.45,36.3 1 0
github.com/modelcontextprotocol/registry/internal/database/mongo.go:39.2,59.16 5 0
github.com/modelcontextprotocol/registry/internal/database/mongo.go:59.16,62.63 2 0
github.com/modelcontextprotocol/registry/internal/database/mongo.go:62.63,64.4 1 0
github.com/modelcontextprotocol/registry/internal/database/mongo.go:65.3,65.50 1 0
github.com/modelcontextprotocol/registry/internal/database/mongo.go:68.2,72.8 1 0
github.com/modelcontextprotocol/registry/internal/database/mongo.go:81.36,82.16 1 0
github.com/modelcontextprotocol/registry/internal/database/mongo.go:82.16,85.3 1 0
github.com/modelcontextprotocol/registry/internal/database/mongo.go:87.2,87.22 1 0
github.com/modelcontextprotocol/registry/internal/database/mongo.go:87.22,89.3 1 0
github.com/modelcontextprotocol/registry/internal/database/mongo.go:92.2,96.27 2 0
github.com/modelcontextprotocol/registry/internal/database/mongo.go:96.27,98.12 1 0
github.com/modelcontextprotocol/registry/internal/database/mongo.go:99.18,100.45 1 0
github.com/modelcontextprotocol/registry/internal/database/mongo.go:101.15,102.27 1 0
github.com/modelcontextprotocol/registry/internal/database/mongo.go:103.11,104.22 1 0
github.com/modelcontextprotocol/registry/internal/database/mongo.go:109.2,112.18 2 0
github.com/modelcontextprotocol/registry/internal/database/mongo.go:112.18,114.47 1 0
github.com/modelcontextprotocol/registry/internal/database/mongo.go:114.47,116.4 1 0
github.com/modelcontextprotocol/registry/internal/database/mongo.go:119.3,121.17 3 0
github.com/modelcontextprotocol/registry/internal/database/mongo.go:121.17,122.45 1 0
github.com/modelcontextprotocol/registry/internal/database/mongo.go:122.45,124.5 1 0
github.com/modelcontextprotocol/registry/internal/database/mongo.go:126.9,129.4 1 0
github.com/modelcontextprotocol/registry/internal/database/mongo.go:133.2,136.15 2 0
github.com/modelcontextprotocol/registry/internal/database/mongo.go:136.15,138.3 1 0
github.com/modelcontextprotocol/registry/internal/database/mongo.go:141.2,142.16 2 0
github.com/modelcontextprotocol/registry/internal/database/mongo.go:142.16,144.3 1 0
github.com/modelcontextprotocol/registry/internal/database/mongo.go:145.2,149.54 3 0
github.com/modelcontextprotocol/registry/internal/database/mongo.go:149.54,151.3 1 0
github.com/modelcontextprotocol/registry/internal/database/mongo.go:154.2,155.60 2 0
github.com/modelcontextprotocol/registry/internal/database/mongo.go:155.60,158.3 1 0
github.com/modelcontextprotocol/registry/internal/database/mongo.go:160.2,160.33 1 0
github.com/modelcontextprotocol/registry/internal/database/mongo.go:164.89,165.22 1 0
github.com/modelcontextprotocol/registry/internal/database/mongo.go:165.22,167.3 1 0
github.com/modelcontextprotocol/registry/internal/database/mongo.go:170.2,175.16 4 0
github.com/modelcontextprotocol/registry/internal/database/mongo.go:175.16,176.43 1 0
github.com/modelcontextprotocol/registry/internal/database/mongo.go:176.43,178.4 1 0
github.com/modelcontextprotocol/registry/internal/database/mongo.go:179.3,179.60 1 0
github.com/modelcontextprotocol/registry/internal/database/mongo.go:183.2,183.20 1 0
github.com/modelcontextprotocol/registry/internal/database/mongo.go:187.89,188.22 1 0
github.com/modelcontextprotocol/registry/internal/database/mongo.go:188.22,190.3 1 0
github.com/modelcontextprotocol/registry/internal/database/mongo.go:192.2,199.57 4 0
github.com/modelcontextprotocol/registry/internal/database/mongo.go:199.57,201.3 1 0
github.com/modelcontextprotocol/registry/internal/database/mongo.go:204.2,204.79 1 0
github.com/modelcontextprotocol/registry/internal/database/mongo.go:204.79,206.3 1 0
github.com/modelcontextprotocol/registry/internal/database/mongo.go:208.2,214.16 5 0
github.com/modelcontextprotocol/registry/internal/database/mongo.go:214.16,215.37 1 0
github.com/modelcontextprotocol/registry/internal/database/mongo.go:215.37,217.4 1 0
github.com/modelcontextprotocol/registry/internal/database/mongo.go:218.3,218.54 1 0
github.com/modelcontextprotocol/registry/internal/database/mongo.go:222.2,222.28 1 0
github.com/modelcontextprotocol/registry/internal/database/mongo.go:222.28,227.17 2 0
github.com/modelcontextprotocol/registry/internal/database/mongo.go:227.17,229.4 1 0
github.com/modelcontextprotocol/registry/internal/database/mongo.go:232.2,232.12 1 0
github.com/modelcontextprotocol/registry/internal/database/mongo.go:236.79,239.16 2 0
github.com/modelcontextprotocol/registry/internal/database/mongo.go:239.16,241.3 1 0
github.com/modelcontextprotocol/registry/internal/database/mongo.go:243.2,247.33 3 0
github.com/modelcontextprotocol/registry/internal/database/mongo.go:247.33,248.43 1 0
github.com/modelcontextprotocol/registry/internal/database/mongo.go:248.43,250.12 2 0
github.com/modelcontextprotocol/registry/internal/database/mongo.go:253.3,253.41 1 0
github.com/modelcontextprotocol/registry/internal/database/mongo.go:253.41,257.4 3 0
github.com/modelcontextprotocol/registry/internal/database/mongo.go:260.3,268.17 5 0
github.com/modelcontextprotocol/registry/internal/database/mongo.go:268.17,270.12 2 0
github.com/modelcontextprotocol/registry/internal/database/mongo.go:273.3,273.10 1 0
github.com/modelcontextprotocol/registry/internal/database/mongo.go:274.33,275.76 1 0
github.com/modelcontextprotocol/registry/internal/database/mongo.go:276.33,277.76 1 0
github.com/modelcontextprotocol/registry/internal/database/mongo.go:278.11,279.87 1 0
github.com/modelcontextprotocol/registry/internal/database/mongo.go:283.2,284.12 2 0
github.com/modelcontextprotocol/registry/internal/database/mongo.go:288.34,290.2 1 0
github.com/modelcontextprotocol/registry/internal/database/mongo.go:293.49,296.22 2 0
github.com/modelcontextprotocol/registry/internal/database/mongo.go:296.22,302.3 4 0
github.com/modelcontextprotocol/registry/internal/database/mongo.go:304.2,308.3 1 0
github.com/modelcontextprotocol/registry/internal/api/handlers/v0/auth.go:14.66,15.54 1 0
github.com/modelcontextprotocol/registry/internal/api/handlers/v0/auth.go:15.54,17.34 1 0
github.com/modelcontextprotocol/registry/internal/api/handlers/v0/auth.go:17.34,20.4 2 0
github.com/modelcontextprotocol/registry/internal/api/handlers/v0/auth.go:23.3,24.17 2 0
github.com/modelcontextprotocol/registry/internal/api/handlers/v0/auth.go:24.17,27.4 2 0
github.com/modelcontextprotocol/registry/internal/api/handlers/v0/auth.go:28.3,36.17 4 0
github.com/modelcontextprotocol/registry/internal/api/handlers/v0/auth.go:36.17,39.4 2 0
github.com/modelcontextprotocol/registry/internal/api/handlers/v0/auth.go:42.3,42.27 1 0
github.com/modelcontextprotocol/registry/internal/api/handlers/v0/auth.go:42.27,45.4 2 0
github.com/modelcontextprotocol/registry/internal/api/handlers/v0/auth.go:48.3,49.25 2 0
github.com/modelcontextprotocol/registry/internal/api/handlers/v0/auth.go:50.17,51.35 1 0
github.com/modelcontextprotocol/registry/internal/api/handlers/v0/auth.go:52.11,54.10 2 0
github.com/modelcontextprotocol/registry/internal/api/handlers/v0/auth.go:58.3,59.17 2 0
github.com/modelcontextprotocol/registry/internal/api/handlers/v0/auth.go:59.17,62.4 2 0
github.com/modelcontextprotocol/registry/internal/api/handlers/v0/auth.go:65.3,71.18 3 0
github.com/modelcontextprotocol/registry/internal/api/handlers/v0/auth.go:71.18,74.4 2 0
github.com/modelcontextprotocol/registry/internal/api/handlers/v0/auth.go:79.72,80.54 1 0
github.com/modelcontextprotocol/registry/internal/api/handlers/v0/auth.go:80.54,82.33 1 0
github.com/modelcontextprotocol/registry/internal/api/handlers/v0/auth.go:82.33,85.4 2 0
github.com/modelcontextprotocol/registry/internal/api/handlers/v0/auth.go:88.3,89.24 2 0
github.com/modelcontextprotocol/registry/internal/api/handlers/v0/auth.go:89.24,92.4 2 0
github.com/modelcontextprotocol/registry/internal/api/handlers/v0/auth.go:95.3,96.17 2 0
github.com/modelcontextprotocol/registry/internal/api/handlers/v0/auth.go:96.17,97.32 1 0
github.com/modelcontextprotocol/registry/internal/api/handlers/v0/auth.go:97.32,103.20 3 0
github.com/modelcontextprotocol/registry/internal/api/handlers/v0/auth.go:103.20,106.6 2 0
github.com/modelcontextprotocol/registry/internal/api/handlers/v0/auth.go:107.5,107.11 1 0
github.com/modelcontextprotocol/registry/internal/api/handlers/v0/auth.go:111.4,112.10 2 0
github.com/modelcontextprotocol/registry/internal/api/handlers/v0/auth.go:116.3,121.18 3 0
github.com/modelcontextprotocol/registry/internal/api/handlers/v0/auth.go:121.18,124.4 2 0
github.com/modelcontextprotocol/registry/internal/api/handlers/v0/health.go:17.57,18.54 1 3
github.com/modelcontextprotocol/registry/internal/api/handlers/v0/health.go:18.54,23.18 2 3
github.com/modelcontextprotocol/registry/internal/api/handlers/v0/health.go:23.18,25.4 1 0
github.com/modelcontextprotocol/registry/internal/api/handlers/v0/ping.go:12.55,13.54 1 0
github.com/modelcontextprotocol/registry/internal/api/handlers/v0/ping.go:13.54,14.33 1 0
github.com/modelcontextprotocol/registry/internal/api/handlers/v0/ping.go:14.33,17.4 2 0
github.com/modelcontextprotocol/registry/internal/api/handlers/v0/ping.go:19.3,25.61 3 0
github.com/modelcontextprotocol/registry/internal/api/handlers/v0/ping.go:25.61,27.4 1 0
github.com/modelcontextprotocol/registry/internal/api/handlers/v0/publish.go:19.98,20.54 1 19
github.com/modelcontextprotocol/registry/internal/api/handlers/v0/publish.go:20.54,22.34 1 19
github.com/modelcontextprotocol/registry/internal/api/handlers/v0/publish.go:22.34,25.4 2 1
github.com/modelcontextprotocol/registry/internal/api/handlers/v0/publish.go:28.3,29.17 2 18
github.com/modelcontextprotocol/registry/internal/api/handlers/v0/publish.go:29.17,32.4 2 0
github.com/modelcontextprotocol/registry/internal/api/handlers/v0/publish.go:33.3,38.17 4 18
github.com/modelcontextprotocol/registry/internal/api/handlers/v0/publish.go:38.17,41.4 2 1
github.com/modelcontextprotocol/registry/internal/api/handlers/v0/publish.go:44.3,47.17 3 17
github.com/modelcontextprotocol/registry/internal/api/handlers/v0/publish.go:47.17,50.4 2 0
github.com/modelcontextprotocol/registry/internal/api/handlers/v0/publish.go:52.3,52.30 1 17
github.com/modelcontextprotocol/registry/internal/api/handlers/v0/publish.go:52.30,55.4 2 1
github.com/modelcontextprotocol/registry/internal/api/handlers/v0/publish.go:58.3,58.47 1 16
github.com/modelcontextprotocol/registry/internal/api/handlers/v0/publish.go:58.47,61.4 2 1
github.com/modelcontextprotocol/registry/internal/api/handlers/v0/publish.go:64.3,65.23 2 15
github.com/modelcontextprotocol/registry/internal/api/handlers/v0/publish.go:65.23,68.4 2 1
github.com/modelcontextprotocol/registry/internal/api/handlers/v0/publish.go:71.3,72.74 2 14
github.com/modelcontextprotocol/registry/internal/api/handlers/v0/publish.go:72.74,74.4 1 13
github.com/modelcontextprotocol/registry/internal/api/handlers/v0/publish.go:77.3,78.10 2 14
github.com/modelcontextprotocol/registry/internal/api/handlers/v0/publish.go:79.58,80.39 1 3
github.com/modelcontextprotocol/registry/internal/api/handlers/v0/publish.go:82.11,84.37 1 11
github.com/modelcontextprotocol/registry/internal/api/handlers/v0/publish.go:87.3,97.17 4 14
github.com/modelcontextprotocol/registry/internal/api/handlers/v0/publish.go:97.17,98.44 1 1
github.com/modelcontextprotocol/registry/internal/api/handlers/v0/publish.go:98.44,101.5 2 1
github.com/modelcontextprotocol/registry/internal/api/handlers/v0/publish.go:102.4,103.10 2 0
github.com/modelcontextprotocol/registry/internal/api/handlers/v0/publish.go:106.3,106.13 1 13
github.com/modelcontextprotocol/registry/internal/api/handlers/v0/publish.go:106.13,109.4 2 1
github.com/modelcontextprotocol/registry/internal/api/handlers/v0/publish.go:112.3,113.17 2 12
github.com/modelcontextprotocol/registry/internal/api/handlers/v0/publish.go:113.17,115.95 1 1
github.com/modelcontextprotocol/registry/internal/api/handlers/v0/publish.go:115.95,118.5 2 0
github.com/modelcontextprotocol/registry/internal/api/handlers/v0/publish.go:119.4,120.10 2 1
github.com/modelcontextprotocol/registry/internal/api/handlers/v0/publish.go:123.3,128.18 3 11
github.com/modelcontextprotocol/registry/internal/api/handlers/v0/publish.go:128.18,131.4 2 0
github.com/modelcontextprotocol/registry/internal/api/handlers/v0/seed.go:13.69,14.54 1 3
github.com/modelcontextprotocol/registry/internal/api/handlers/v0/seed.go:14.54,16.33 1 3
github.com/modelcontextprotocol/registry/internal/api/handlers/v0/seed.go:16.33,20.4 3 1
github.com/modelcontextprotocol/registry/internal/api/handlers/v0/seed.go:23.3,24.17 2 2
github.com/modelcontextprotocol/registry/internal/api/handlers/v0/seed.go:24.17,28.4 3 1
github.com/modelcontextprotocol/registry/internal/api/handlers/v0/seed.go:32.3,33.34 2 1
github.com/modelcontextprotocol/registry/internal/api/handlers/v0/seed.go:33.34,36.18 2 1
github.com/modelcontextprotocol/registry/internal/api/handlers/v0/seed.go:36.18,40.13 3 0
github.com/modelcontextprotocol/registry/internal/api/handlers/v0/seed.go:42.4,42.29 1 1
github.com/modelcontextprotocol/registry/internal/api/handlers/v0/seed.go:46.3,52.66 5 1
github.com/modelcontextprotocol/registry/internal/api/handlers/v0/seed.go:52.66,56.4 3 0
github.com/modelcontextprotocol/registry/internal/api/handlers/v0/servers.go:28.72,29.54 1 10
github.com/modelcontextprotocol/registry/internal/api/handlers/v0/servers.go:29.54,30.33 1 10
github.com/modelcontextprotocol/registry/internal/api/handlers/v0/servers.go:30.33,33.4 2 1
github.com/modelcontextprotocol/registry/internal/api/handlers/v0/servers.go:36.3,37.19 2 9
github.com/modelcontextprotocol/registry/internal/api/handlers/v0/servers.go:37.19,39.18 2 2
github.com/modelcontextprotocol/registry/internal/api/handlers/v0/servers.go:39.18,42.5 2 1
github.com/modelcontextprotocol/registry/internal/api/handlers/v0/servers.go:44.3,50.21 3 8
github.com/modelcontextprotocol/registry/internal/api/handlers/v0/servers.go:50.21,52.18 2 5
github.com/modelcontextprotocol/registry/internal/api/handlers/v0/servers.go:52.18,55.5 2 1
github.com/modelcontextprotocol/registry/internal/api/handlers/v0/servers.go:58.4,58.24 1 4
github.com/modelcontextprotocol/registry/internal/api/handlers/v0/servers.go:58.24,61.5 2 2
github.com/modelcontextprotocol/registry/internal/api/handlers/v0/servers.go:63.4,63.25 1 2
github.com/modelcontextprotocol/registry/internal/api/handlers/v0/servers.go:63.25,66.5 1 1
github.com/modelcontextprotocol/registry/internal/api/handlers/v0/servers.go:66.10,68.5 1 1
github.com/modelcontextprotocol/registry/internal/api/handlers/v0/servers.go:72.3,73.17 2 5
github.com/modelcontextprotocol/registry/internal/api/handlers/v0/servers.go:73.17,76.4 2 1
github.com/modelcontextprotocol/registry/internal/api/handlers/v0/servers.go:79.3,84.23 2 4
github.com/modelcontextprotocol/registry/internal/api/handlers/v0/servers.go:84.23,89.4 1 1
github.com/modelcontextprotocol/registry/internal/api/handlers/v0/servers.go:91.3,92.61 2 4
github.com/modelcontextprotocol/registry/internal/api/handlers/v0/servers.go:92.61,95.4 2 0
github.com/modelcontextprotocol/registry/internal/api/handlers/v0/servers.go:100.78,101.54 1 1
github.com/modelcontextprotocol/registry/internal/api/handlers/v0/servers.go:101.54,102.33 1 1
github.com/modelcontextprotocol/registry/internal/api/handlers/v0/servers.go:102.33,105.4 2 0
github.com/modelcontextprotocol/registry/internal/api/handlers/v0/servers.go:108.3,112.17 3 1
github.com/modelcontextprotocol/registry/internal/api/handlers/v0/servers.go:112.17,115.4 2 0
github.com/modelcontextprotocol/registry/internal/api/handlers/v0/servers.go:118.3,119.17 2 1
github.com/modelcontextprotocol/registry/internal/api/handlers/v0/servers.go:119.17,120.41 1 0
github.com/modelcontextprotocol/registry/internal/api/handlers/v0/servers.go:120.41,123.5 2 0
github.com/modelcontextprotocol/registry/internal/api/handlers/v0/servers.go:124.4,125.10 2 0
github.com/modelcontextprotocol/registry/internal/api/handlers/v0/servers.go:128.3,129.65 2 1
github.com/modelcontextprotocol/registry/internal/api/handlers/v0/servers.go:129.65,132.4 2 0
github.com/modelcontextprotocol/registry/internal/api/handlers/v0/swagger.go:14.40,15.54 1 0
github.com/modelcontextprotocol/registry/internal/api/handlers/v0/swagger.go:15.54,17.34 1 0
github.com/modelcontextprotocol/registry/internal/api/handlers/v0/swagger.go:17.34,20.4 2 0
github.com/modelcontextprotocol/registry/internal/api/handlers/v0/swagger.go:23.3,29.26 2 0
github.com/modelcontextprotocol/registry/internal/api/handlers/v0/swagger.go:34.44,35.54 1 0
github.com/modelcontextprotocol/registry/internal/api/handlers/v0/swagger.go:35.54,38.17 2 0
github.com/modelcontextprotocol/registry/internal/api/handlers/v0/swagger.go:38.17,41.4 2 0
github.com/modelcontextprotocol/registry/internal/api/handlers/v0/swagger.go:44.3,47.40 2 0
